<?xml version="1.0" encoding="UTF-8"?>
<!-- Generated by org.testng.reporters.JUnitXMLReporter -->
<testsuite ignored="0" hostname="DESKTOP-611TCOV" failures="0" tests="4" name="Test1" time="46.515" errors="0" timestamp="2022-12-26T11:35:52 IST">
  <testcase classname="com.nocommerce.testCases.TC_LoginDataDrivenTestDTT_002" name="test_LoginDTT" time="18.613"/>
  <testcase classname="com.nocommerce.testCases.TC_LoginDataDrivenTestDTT_002" name="test_LoginDTT" time="6.0"/>
  <testcase classname="com.nocommerce.testCases.TC_LoginDataDrivenTestDTT_002" name="test_LoginDTT" time="6.437"/>
  <testcase classname="com.nocommerce.testCases.TC_LoginDataDrivenTestDTT_002" name="test_LoginDTT" time="5.769"/>
</testsuite> <!-- Test1 -->
