<?xml version="1.0" encoding="UTF-8"?>
<!-- Generated by org.testng.reporters.JUnitXMLReporter -->
<testsuite ignored="0" hostname="DESKTOP-611TCOV" failures="0" tests="4" name="Test1" time="43.198" errors="0" timestamp="2022-12-19T20:05:30 IST">
  <testcase classname="com.nocommerce.testCases.TC_LoginDataDrivenTestDTT_002" name="test_LoginDTT" time="16.429"/>
  <testcase classname="com.nocommerce.testCases.TC_LoginDataDrivenTestDTT_002" name="test_LoginDTT" time="5.79"/>
  <testcase classname="com.nocommerce.testCases.TC_LoginDataDrivenTestDTT_002" name="test_LoginDTT" time="6.206"/>
  <testcase classname="com.nocommerce.testCases.TC_LoginDataDrivenTestDTT_002" name="test_LoginDTT" time="6.036"/>
</testsuite> <!-- Test1 -->
