<?xml version="1.0" encoding="UTF-8"?>
<testng-results ignored="0" total="1" passed="1" failed="0" skipped="0">
  <reporter-output>
  </reporter-output>
  <suite started-at="2022-12-26T11:39:57 IST" name="nopCommerceV2" finished-at="2022-12-26T11:40:31 IST" duration-ms="34346">
    <groups>
    </groups>
    <test started-at="2022-12-26T11:39:57 IST" name="Test2" finished-at="2022-12-26T11:40:31 IST" duration-ms="34346">
      <class name="com.nocommerce.testCases.TC_LoginTest_001">
        <test-method is-config="true" signature="setUp(java.lang.String)[pri:0, instance:com.nocommerce.testCases.TC_LoginTest_001@4145bad8]" started-at="2022-12-26T11:39:57 IST" name="setUp" finished-at="2022-12-26T11:40:10 IST" duration-ms="13437" status="PASS">
          <params>
            <param index="0">
              <value>
                <![CDATA[firefox]]>
              </value>
            </param>
          </params>
          <reporter-output>
          </reporter-output>
        </test-method> <!-- setUp -->
        <test-method signature="loginTest()[pri:0, instance:com.nocommerce.testCases.TC_LoginTest_001@4145bad8]" started-at="2022-12-26T11:40:11 IST" name="loginTest" finished-at="2022-12-26T11:40:27 IST" duration-ms="16394" status="PASS">
          <reporter-output>
          </reporter-output>
        </test-method> <!-- loginTest -->
        <test-method is-config="true" signature="tearDown()[pri:0, instance:com.nocommerce.testCases.TC_LoginTest_001@4145bad8]" started-at="2022-12-26T11:40:27 IST" name="tearDown" finished-at="2022-12-26T11:40:31 IST" duration-ms="4121" status="PASS">
          <reporter-output>
          </reporter-output>
        </test-method> <!-- tearDown -->
      </class> <!-- com.nocommerce.testCases.TC_LoginTest_001 -->
    </test> <!-- Test2 -->
  </suite> <!-- nopCommerceV2 -->
</testng-results>
